Removed Pin From Net: NetName=VCC_5V Pin=RL1-1
Removed Pin From Net: NetName=GND Pin=RL1-2
Removed Pin From Net: NetName=PIC_VDD Pin=RL1-3
Removed Pin From Net: NetName=PIC_VDD Pin=RL1-5
Change Component Footprint: Designator=R4 Old Footprint=FileName=F:\Bussiness\Courses\CAD\PCB design\Libraries\Altium\MyLib.PcbLib New Footprint=Res 7.62mm H TH
Change Component Footprint: Designator=R5 Old Footprint=FileName=F:\Bussiness\Courses\CAD\PCB design\Libraries\Altium\MyLib.PcbLib New Footprint=Res 7.62mm H TH
Change Component Footprint: Designator=R6 Old Footprint=FileName=F:\Bussiness\Courses\CAD\PCB design\Libraries\Altium\MyLib.PcbLib New Footprint=Res 7.62mm H TH
Change Component Footprint: Designator=R7 Old Footprint=FileName=F:\Bussiness\Courses\CAD\PCB design\Libraries\Altium\MyLib.PcbLib New Footprint=Res 7.62mm H TH
Added Component: Designator=RL?(Relay SRD-05VDC-SL-C)
Add component (AddParameter): Name = "Category"; Value = "Signal Relays"; VariantName = "[No Variations]"
Add component (AddParameter): Name = "Coil Voltage (DC)"; Value = "5V"; VariantName = "[No Variations]"
Add component (AddParameter): Name = "ComponentLink1Description"; Value = "https://datasheet.ciiva.com/14189/eng-cd-1721150-c-14189465.pdf?src-supplier=Avnet"; VariantName = "[No Variations]"
Add component (AddParameter): Name = "ComponentLink1URL"; Value = "https://datasheet.ciiva.com/14189/eng-cd-1721150-c-14189465.pdf?src-supplier=Avnet"; VariantName = "[No Variations]"
Add component (AddParameter): Name = "ComponentLink2Description"; Value = "https://datasheet.ciiva.com/48542/eng-cd-1721150-c-48542490.pdf?src-supplier=Onlinecomponents.com"; VariantName = "[No Variations]"
Add component (AddParameter): Name = "ComponentLink2URL"; Value = "https://datasheet.ciiva.com/48542/eng-cd-1721150-c-48542490.pdf?src-supplier=Onlinecomponents.com"; VariantName = "[No Variations]"
Add component (AddParameter): Name = "Contact Current Rating"; Value = "15A"; VariantName = "[No Variations]"
Add component (AddParameter): Name = "Depth"; Value = "15.5mm"; VariantName = "[No Variations]"
Add component (AddParameter): Name = "ELV"; Value = "Compliant"; VariantName = "[No Variations]"
Add component (AddParameter): Name = "Height"; Value = "15.8mm"; VariantName = "[No Variations]"
Add component (AddParameter): Name = "Lead Free"; Value = "Lead Free"; VariantName = "[No Variations]"
Add component (AddParameter): Name = "Length"; Value = "19mm"; VariantName = "[No Variations]"
Add component (AddParameter): Name = "Manufacturer"; Value = "TE Connectivity P&B"; VariantName = "[No Variations]"
Add component (AddParameter): Name = "Manufacturer Part Number"; Value = "1-1721150-0"; VariantName = "[No Variations]"
Add component (AddParameter): Name = "Max Operating Temperature"; Value = "85°C"; VariantName = "[No Variations]"
Add component (AddParameter): Name = "Mount"; Value = "Through Hole"; VariantName = "[No Variations]"
Add component (AddParameter): Name = "Number of Pins"; Value = "5"; VariantName = "[No Variations]"
Add component (AddParameter): Name = "Packaging"; Value = "Rail/Tube"; VariantName = "[No Variations]"
Add component (AddParameter): Name = "Pricing 1"; Value = "1=1.30000, 10=1.21500, 25=1.08000, 50=1.02600, 100=0.97200, 250=0.86400, 500=0.81000, 1000=0.75600, 5000=0.72900 (USD)"; VariantName = "[No Variations]"
Add component (AddParameter): Name = "RoHS"; Value = "Yes"; VariantName = "[No Variations]"
Add component (AddParameter): Name = "Stock 1"; Value = "4183"; VariantName = "[No Variations]"
Add component (AddParameter): Name = "Supplier 1"; Value = "Digi-Key"; VariantName = "[No Variations]"
Add component (AddParameter): Name = "Supplier Part Number 1"; Value = "PB2032-ND"; VariantName = "[No Variations]"
Add component (AddParameter): Name = "Termination"; Value = "PCB"; VariantName = "[No Variations]"
Add component (AddParameter): Name = "Throw Configuration"; Value = "SPDT"; VariantName = "[No Variations]"
Add component (AddParameter): Name = "Voltage Rating (AC)"; Value = "125V"; VariantName = "[No Variations]"
Add component (AddParameter): Name = "Weight"; Value = "9.5g"; VariantName = "[No Variations]"
Add component (AddParameter): Name = "Width"; Value = "15.5mm"; VariantName = "[No Variations]"
Added Pin To Net: NetName=VCC_5V Pin=RL?-1
Added Pin To Net: NetName=GND Pin=RL?-2
Added Pin To Net: NetName=PIC_VDD Pin=RL?-5
Added Member To Class: ClassName=Control Member=Component RL? 10A 30VDC
Added Room: Name=Control
