Removed Pin From Net: NetName=NetD3_1 Pin=J5-1
Removed Pin From Net: NetName=Net_1 Pin=J5-2
Removed Pin From Net: NetName=PIC_VDD Pin=R2-2
Change Component Footprint: Designator=D3 Old Footprint=DIODE 2.54MM TH V New Footprint=Diode 5.08mm TH V
Change Component Footprint: Designator=VR1 Old Footprint=POTENTIOMETER 90 DEG New Footprint=Trimmer 2.54mm TH
Change Component Footprint: Designator=VR2 Old Footprint=POTENTIOMETER 90 DEG New Footprint=Trimmer 2.54mm TH
Change Component Footprint: Designator=R4 Old Footprint=RES 2.54MM V TH New Footprint=Res 7.62mm H TH
Change Component Footprint: Designator=R5 Old Footprint=RES 2.54MM V TH New Footprint=Res 7.62mm H TH
Change Component Footprint: Designator=R6 Old Footprint=RES 2.54MM V TH New Footprint=Res 7.62mm H TH
Change Component Footprint: Designator=R7 Old Footprint=RES 2.54MM V TH New Footprint=Res 7.62mm H TH
Change Component Comment : Designator=VR1 Old Comment=10K New Comment=5K 0.5W
Change Component Comment : Designator=VR2 Old Comment=10K New Comment=5K 0.5W
Added Component: Designator=P?(Header Male 2.54mm 3 Pins with jumper TH)
Add component (AddParameter): Name = "Case/Package"; Value = "2340-6111TG"; VariantName = "[No Variations]"
Add component (AddParameter): Name = "Colour"; Value = "Black"; VariantName = "[No Variations]"
Add component (AddParameter): Name = "Connector Type"; Value = "Header"; VariantName = "[No Variations]"
Add component (AddParameter): Name = "Contact Finish"; Value = "Gold"; VariantName = "[No Variations]"
Add component (AddParameter): Name = "Contact Material"; Value = "Copper"; VariantName = "[No Variations]"
Add component (AddParameter): Name = "Contact Plating"; Value = "Gold"; VariantName = "[No Variations]"
Add component (AddParameter): Name = "Current Rating"; Value = "3A"; VariantName = "[No Variations]"
Add component (AddParameter): Name = "Datasheet URL"; Value = "https://datasheet.ciiva.com/5161/ts0766-242217-5161112.pdf"; VariantName = "[No Variations]"
Add component (AddParameter): Name = "Datasheet Version"; Value = "Aug-08"; VariantName = "[No Variations]"
Add component (AddParameter): Name = "Gender"; Value = "Male"; VariantName = "[No Variations]"
Add component (AddParameter): Name = "Lead Pitch"; Value = "0.1inch"; VariantName = "[No Variations]"
Add component (AddParameter): Name = "Manufacturer"; Value = "3M"; VariantName = "[No Variations]"
Add component (AddParameter): Name = "Manufacturer URL"; Value = "http://www.3m.com/"; VariantName = "[No Variations]"
Add component (AddParameter): Name = "Max Current Rating"; Value = "3A"; VariantName = "[No Variations]"
Add component (AddParameter): Name = "Max Operating Temperature"; Value = "105°C"; VariantName = "[No Variations]"
Add component (AddParameter): Name = "Min Operating Temperature"; Value = "-55°C"; VariantName = "[No Variations]"
Add component (AddParameter): Name = "Mounting Technology"; Value = "TH"; VariantName = "[No Variations]"
Add component (AddParameter): Name = "Package Description"; Value = "Male Header, Pitch 2.54 mm, 1 x 40 Position, Height 8.636 mm, Tail Length 3.05 mm"; VariantName = "[No Variations]"
Add component (AddParameter): Name = "Package Quantity"; Value = "200"; VariantName = "[No Variations]"
Add component (AddParameter): Name = "Package Reference"; Value = "2340-6111TG"; VariantName = "[No Variations]"
Add component (AddParameter): Name = "Packaging"; Value = "Bulk"; VariantName = "[No Variations]"
Add component (AddParameter): Name = "Pins"; Value = "40"; VariantName = "[No Variations]"
Add component (AddParameter): Name = "RoHS Compliant"; Value = "True"; VariantName = "[No Variations]"
Add component (AddParameter): Name = "Rows"; Value = "1"; VariantName = "[No Variations]"
Added Component: Designator=P?(Header Male 2.54mm 3 Pins with jumper TH)
Add component (AddParameter): Name = "Case/Package"; Value = "2340-6111TG"; VariantName = "[No Variations]"
Add component (AddParameter): Name = "Colour"; Value = "Black"; VariantName = "[No Variations]"
Add component (AddParameter): Name = "Connector Type"; Value = "Header"; VariantName = "[No Variations]"
Add component (AddParameter): Name = "Contact Finish"; Value = "Gold"; VariantName = "[No Variations]"
Add component (AddParameter): Name = "Contact Material"; Value = "Copper"; VariantName = "[No Variations]"
Add component (AddParameter): Name = "Contact Plating"; Value = "Gold"; VariantName = "[No Variations]"
Add component (AddParameter): Name = "Current Rating"; Value = "3A"; VariantName = "[No Variations]"
Add component (AddParameter): Name = "Datasheet URL"; Value = "https://datasheet.ciiva.com/5161/ts0766-242217-5161112.pdf"; VariantName = "[No Variations]"
Add component (AddParameter): Name = "Datasheet Version"; Value = "Aug-08"; VariantName = "[No Variations]"
Add component (AddParameter): Name = "Gender"; Value = "Male"; VariantName = "[No Variations]"
Add component (AddParameter): Name = "Lead Pitch"; Value = "0.1inch"; VariantName = "[No Variations]"
Add component (AddParameter): Name = "Manufacturer"; Value = "3M"; VariantName = "[No Variations]"
Add component (AddParameter): Name = "Manufacturer URL"; Value = "http://www.3m.com/"; VariantName = "[No Variations]"
Add component (AddParameter): Name = "Max Current Rating"; Value = "3A"; VariantName = "[No Variations]"
Add component (AddParameter): Name = "Max Operating Temperature"; Value = "105°C"; VariantName = "[No Variations]"
Add component (AddParameter): Name = "Min Operating Temperature"; Value = "-55°C"; VariantName = "[No Variations]"
Add component (AddParameter): Name = "Mounting Technology"; Value = "TH"; VariantName = "[No Variations]"
Add component (AddParameter): Name = "Package Description"; Value = "Male Header, Pitch 2.54 mm, 1 x 40 Position, Height 8.636 mm, Tail Length 3.05 mm"; VariantName = "[No Variations]"
Add component (AddParameter): Name = "Package Quantity"; Value = "200"; VariantName = "[No Variations]"
Add component (AddParameter): Name = "Package Reference"; Value = "2340-6111TG"; VariantName = "[No Variations]"
Add component (AddParameter): Name = "Packaging"; Value = "Bulk"; VariantName = "[No Variations]"
Add component (AddParameter): Name = "Pins"; Value = "40"; VariantName = "[No Variations]"
Add component (AddParameter): Name = "RoHS Compliant"; Value = "True"; VariantName = "[No Variations]"
Add component (AddParameter): Name = "Rows"; Value = "1"; VariantName = "[No Variations]"
Added Component: Designator=P?(Header Male 2.54mm 6 Pins TH)
Add component (AddParameter): Name = "Case/Package"; Value = "2340-6111TG"; VariantName = "[No Variations]"
Add component (AddParameter): Name = "Colour"; Value = "Black"; VariantName = "[No Variations]"
Add component (AddParameter): Name = "Connector Type"; Value = "Header"; VariantName = "[No Variations]"
Add component (AddParameter): Name = "Contact Finish"; Value = "Gold"; VariantName = "[No Variations]"
Add component (AddParameter): Name = "Contact Material"; Value = "Copper"; VariantName = "[No Variations]"
Add component (AddParameter): Name = "Contact Plating"; Value = "Gold"; VariantName = "[No Variations]"
Add component (AddParameter): Name = "Current Rating"; Value = "3A"; VariantName = "[No Variations]"
Add component (AddParameter): Name = "Datasheet URL"; Value = "https://datasheet.ciiva.com/5161/ts0766-242217-5161112.pdf"; VariantName = "[No Variations]"
Add component (AddParameter): Name = "Datasheet Version"; Value = "Aug-08"; VariantName = "[No Variations]"
Add component (AddParameter): Name = "Gender"; Value = "Male"; VariantName = "[No Variations]"
Add component (AddParameter): Name = "Lead Pitch"; Value = "0.1inch"; VariantName = "[No Variations]"
Add component (AddParameter): Name = "Manufacturer"; Value = "3M"; VariantName = "[No Variations]"
Add component (AddParameter): Name = "Manufacturer URL"; Value = "http://www.3m.com/"; VariantName = "[No Variations]"
Add component (AddParameter): Name = "Max Current Rating"; Value = "3A"; VariantName = "[No Variations]"
Add component (AddParameter): Name = "Max Operating Temperature"; Value = "105°C"; VariantName = "[No Variations]"
Add component (AddParameter): Name = "Min Operating Temperature"; Value = "-55°C"; VariantName = "[No Variations]"
Add component (AddParameter): Name = "Mounting Technology"; Value = "TH"; VariantName = "[No Variations]"
Add component (AddParameter): Name = "Package Description"; Value = "Male Header, Pitch 2.54 mm, 1 x 40 Position, Height 8.636 mm, Tail Length 3.05 mm"; VariantName = "[No Variations]"
Add component (AddParameter): Name = "Package Quantity"; Value = "200"; VariantName = "[No Variations]"
Add component (AddParameter): Name = "Package Reference"; Value = "2340-6111TG"; VariantName = "[No Variations]"
Add component (AddParameter): Name = "Packaging"; Value = "Bulk"; VariantName = "[No Variations]"
Add component (AddParameter): Name = "Pins"; Value = "40"; VariantName = "[No Variations]"
Add component (AddParameter): Name = "RoHS Compliant"; Value = "True"; VariantName = "[No Variations]"
Add component (AddParameter): Name = "Rows"; Value = "1"; VariantName = "[No Variations]"
Added Pin To Net: NetName=Net_1 Pin=P?-1
Added Pin To Net: NetName=PIC_VDD Pin=P?-1
Added Pin To Net: NetName=RA0 Pin=P?-1
Added Pin To Net: NetName=NetD3_1 Pin=P?-2
Added Pin To Net: NetName=RA1 Pin=P?-2
Added Pin To Net: NetName=RA2 Pin=P?-3
Added Pin To Net: NetName=RA3 Pin=P?-4
Added Pin To Net: NetName=RA4 Pin=P?-5
Added Pin To Net: NetName=RA5 Pin=P?-6
Added Pin To Net: NetName=PU2 Pin=R4-1
Added Pin To Net: NetName=+VE Pin=R4-2
Added Pin To Net: NetName=PU1 Pin=R5-1
Added Pin To Net: NetName=+VE Pin=R5-2
Added Pin To Net: NetName=-VE Pin=R6-1
Added Pin To Net: NetName=PD2 Pin=R6-2
Added Pin To Net: NetName=-VE Pin=R7-1
Added Pin To Net: NetName=PD1 Pin=R7-2
Added Pin To Net: NetName=PD2 Pin=SW3-1
Added Pin To Net: NetName=PD2 Pin=SW3-1
Added Pin To Net: NetName=+VE Pin=SW3-2
Added Pin To Net: NetName=+VE Pin=SW3-2
Added Pin To Net: NetName=PD1 Pin=SW4-1
Added Pin To Net: NetName=PD1 Pin=SW4-1
Added Pin To Net: NetName=+VE Pin=SW4-2
Added Pin To Net: NetName=+VE Pin=SW4-2
Added Pin To Net: NetName=-VE Pin=SW5-1
Added Pin To Net: NetName=-VE Pin=SW5-1
Added Pin To Net: NetName=PU2 Pin=SW5-2
Added Pin To Net: NetName=PU2 Pin=SW5-2
Added Pin To Net: NetName=-VE Pin=SW6-1
Added Pin To Net: NetName=-VE Pin=SW6-1
Added Pin To Net: NetName=PU1 Pin=SW6-2
Added Pin To Net: NetName=PU1 Pin=SW6-2
Added Pin To Net: NetName=NetP?_2 Pin=P?-2
Added Pin To Net: NetName=NetP?_2 Pin=R2-2
Added Net: Name=NetP?_2
Added Member To Class: ClassName=Control Member=Component D2 1N4007
Added Member To Class: ClassName=Control Member=Component D3 1N4007
Added Member To Class: ClassName=Control Member=Component J4 Power Device
Added Member To Class: ClassName=Control Member=Component J7 Power
Added Member To Class: ClassName=Control Member=Component J8 PU
Added Member To Class: ClassName=Control Member=Component J9 PD
Added Member To Class: ClassName=Control Member=Component LED2 Green
Added Member To Class: ClassName=Control Member=Component P? 2340-6111TG
Added Member To Class: ClassName=Control Member=Component P? 2340-6111TG
Added Member To Class: ClassName=Control Member=Component P? 2340-6111TG
Added Member To Class: ClassName=Control Member=Component Q1 Comment
Added Member To Class: ClassName=Control Member=Component R3 390R 0.25W
Added Member To Class: ClassName=Control Member=Component R4 10K 0.25W
Added Member To Class: ClassName=Control Member=Component R5 10K 0.25W
Added Member To Class: ClassName=Control Member=Component R6 10K 0.25W
Added Member To Class: ClassName=Control Member=Component R7 10K 0.25W
Added Member To Class: ClassName=Control Member=Component SW3 6A
Added Member To Class: ClassName=Control Member=Component SW4 6A
Added Member To Class: ClassName=Control Member=Component SW5 6A
Added Member To Class: ClassName=Control Member=Component SW6 6A
Added Member To Class: ClassName=Control Member=Component  5V
Added Room: Name=Control
