Removed Pin From Net: NetName=RA0 Pin=P?-1
Removed Pin From Net: NetName=RA1 Pin=P?-2
Removed Pin From Net: NetName=RA2 Pin=P?-3
Removed Pin From Net: NetName=RA3 Pin=P?-4
Removed Pin From Net: NetName=RA4 Pin=P?-5
Removed Pin From Net: NetName=RA5 Pin=P?-6
Removed Pin From Net: NetName=GND Pin=R8-2
Removed Member From Class: ClassName=Control Member=P7
Change Component Footprint: Designator=P? Old Footprint=Header Male 2.54mm 6 Pins TH New Footprint=Header Male 2.54mm 6 Pins TH
Change Component Footprint: Designator=R4 Old Footprint=Res 2.54mm V TH New Footprint=Res 7.62mm H TH
Change Component Footprint: Designator=R5 Old Footprint=Res 2.54mm V TH New Footprint=Res 7.62mm H TH
Change Component Footprint: Designator=R6 Old Footprint=Res 2.54mm V TH New Footprint=Res 7.62mm H TH
Change Component Footprint: Designator=R7 Old Footprint=Res 2.54mm V TH New Footprint=Res 7.62mm H TH
Added Component: Designator=J?(Header Male 2.54mm 4 Pins TH)
Add component (AddParameter): Name = "Availability"; Value = "Unavailable"; VariantName = "[No Variations]"
Add component (AddParameter): Name = "MF"; Value = "JST Sales"; VariantName = "[No Variations]"
Add component (AddParameter): Name = "MP"; Value = "B4B-XH-A_LF__SN_"; VariantName = "[No Variations]"
Add component (AddParameter): Name = "Package"; Value = "None"; VariantName = "[No Variations]"
Add component (AddParameter): Name = "Price"; Value = "None"; VariantName = "[No Variations]"
Add component (AddParameter): Name = "SnapEDA_Link"; Value = "https://www.snapeda.com/parts/B4B-XH-A%28LF%29%28SN%29/JST%20Sales%20America%20Inc./view-part/447494/?ref=snap"; VariantName = "[No Variations]"
Add component (AddParameter): Name = "Value"; Value = ""; VariantName = "[No Variations]"
Added Component: Designator=P?(Header Male 2.54mm 3 Pins with jumper TH)
Add component (AddParameter): Name = "Case/Package"; Value = "2340-6111TG"; VariantName = "[No Variations]"
Add component (AddParameter): Name = "Colour"; Value = "Black"; VariantName = "[No Variations]"
Add component (AddParameter): Name = "Connector Type"; Value = "Header"; VariantName = "[No Variations]"
Add component (AddParameter): Name = "Contact Finish"; Value = "Gold"; VariantName = "[No Variations]"
Add component (AddParameter): Name = "Contact Material"; Value = "Copper"; VariantName = "[No Variations]"
Add component (AddParameter): Name = "Contact Plating"; Value = "Gold"; VariantName = "[No Variations]"
Add component (AddParameter): Name = "Current Rating"; Value = "3A"; VariantName = "[No Variations]"
Add component (AddParameter): Name = "Datasheet URL"; Value = "https://datasheet.ciiva.com/5161/ts0766-242217-5161112.pdf"; VariantName = "[No Variations]"
Add component (AddParameter): Name = "Datasheet Version"; Value = "Aug-08"; VariantName = "[No Variations]"
Add component (AddParameter): Name = "Gender"; Value = "Male"; VariantName = "[No Variations]"
Add component (AddParameter): Name = "Lead Pitch"; Value = "0.1inch"; VariantName = "[No Variations]"
Add component (AddParameter): Name = "Manufacturer"; Value = "3M"; VariantName = "[No Variations]"
Add component (AddParameter): Name = "Manufacturer URL"; Value = "http://www.3m.com/"; VariantName = "[No Variations]"
Add component (AddParameter): Name = "Max Current Rating"; Value = "3A"; VariantName = "[No Variations]"
Add component (AddParameter): Name = "Max Operating Temperature"; Value = "105°C"; VariantName = "[No Variations]"
Add component (AddParameter): Name = "Min Operating Temperature"; Value = "-55°C"; VariantName = "[No Variations]"
Add component (AddParameter): Name = "Mounting Technology"; Value = "TH"; VariantName = "[No Variations]"
Add component (AddParameter): Name = "Package Description"; Value = "Male Header, Pitch 2.54 mm, 1 x 40 Position, Height 8.636 mm, Tail Length 3.05 mm"; VariantName = "[No Variations]"
Add component (AddParameter): Name = "Package Quantity"; Value = "200"; VariantName = "[No Variations]"
Add component (AddParameter): Name = "Package Reference"; Value = "2340-6111TG"; VariantName = "[No Variations]"
Add component (AddParameter): Name = "Packaging"; Value = "Bulk"; VariantName = "[No Variations]"
Add component (AddParameter): Name = "Pins"; Value = "40"; VariantName = "[No Variations]"
Add component (AddParameter): Name = "RoHS Compliant"; Value = "True"; VariantName = "[No Variations]"
Add component (AddParameter): Name = "Rows"; Value = "1"; VariantName = "[No Variations]"
Added Pin To Net: NetName=MCLR Pin=P?-1
Added Pin To Net: NetName=RB3 Pin=P?-1
Added Pin To Net: NetName=PIC_VDD Pin=P?-2
Added Pin To Net: NetName=GND Pin=P?-3
Added Pin To Net: NetName=RB7 Pin=P?-4
Added Pin To Net: NetName=RB6 Pin=P?-5
Added Pin To Net: NetName=LVP Pin=P?-2
Added Pin To Net: NetName=LVP Pin=P?-6
Added Net: Name=LVP
Added Pin To Net: NetName=NetJ?_1 Pin=J?-1
Added Pin To Net: NetName=NetJ?_1 Pin=LED5-1
Added Net: Name=NetJ?_1
Added Pin To Net: NetName=NetJ?_2 Pin=J?-2
Added Pin To Net: NetName=NetJ?_2 Pin=LED4-1
Added Net: Name=NetJ?_2
Added Pin To Net: NetName=NetJ?_3 Pin=J?-3
Added Pin To Net: NetName=NetJ?_3 Pin=LED3-1
Added Net: Name=NetJ?_3
Added Pin To Net: NetName=NetJ?_4 Pin=J?-4
Added Pin To Net: NetName=NetJ?_4 Pin=R8-2
Added Net: Name=NetJ?_4
Added Member To Class: ClassName=Control Member=Component J? 3A
Added Member To Class: ClassName=Control Member=Component P? 2340-6111TG
Added Member To Class: ClassName=Control Member=Component P? 2340-6111TG
Added Member To Class: ClassName=Control Member=Component P? 2340-6111TG
Added Member To Class: ClassName=Control Member=Component P? 2340-6111TG
Added Room: Name=Control
